ASSERTION	AAMEAAEDBwAAAAAAAEzdQA==
ASSERTION	AAMEAAEDAwAAAAAAAAAAAA==
ASSERTION	AAMEAAEBBwAAAAAAAEzdQA==
ASSERTION	AAMEAAEBAwAAAAAAAAAAAA==
ASSERTION	AAMEAAECBwAAAAAAAEzdQA==
ASSERTION	AAMEAAECAwAAAAAAAAAAAA==
ASSERTION	AAMDAAIHAAAAAAAAABRA
ASSERTION	AAMDAAIDAAAAAAAAAAAA
ASSERTION	AAMDAAMHAAAAAAAAAFlA
ASSERTION	AAMDAAMDAAAAAAAAAAAA
RUN	io.swagger.client.api.MavenContentAccessAndStorageApiSimulation		mavencontentaccessandstorageapisimulation	1609168546919	 	2.0
USER	doHead_0Simulation	1	START	1609168547893	1609168547893
USER	doGet_1Simulation	4	START	1609168547901	1609168547901
USER	doGet_0Simulation	7	START	1609168547902	1609168547902
USER	doDelete_0Simulation	10	START	1609168547904	1609168547904
USER	doCreate_0Simulation	13	START	1609168547906	1609168547906
USER	doGet_2Simulation	16	START	1609168547907	1609168547907
USER	doDeleteSimulation	19	START	1609168547908	1609168547908
USER	doGetSimulation	22	START	1609168547909	1609168547909
USER	doCreateSimulation	25	START	1609168547909	1609168547909
USER	doHeadSimulation	28	START	1609168547910	1609168547910
USER	doDeleteSimulation	20	START	1609168548902	1609168548902
USER	doGetSimulation	23	START	1609168548902	1609168548902
USER	doCreateSimulation	26	START	1609168548902	1609168548902
USER	doHeadSimulation	29	START	1609168548902	1609168548902
USER	doGet_1Simulation	5	START	1609168548902	1609168548902
USER	doGet_2Simulation	17	START	1609168548902	1609168548902
USER	doHead_0Simulation	2	START	1609168548913	1609168548913
USER	doDelete_0Simulation	11	START	1609168548913	1609168548913
USER	doGet_0Simulation	8	START	1609168548913	1609168548913
USER	doCreate_0Simulation	14	START	1609168548913	1609168548913
REQUEST	doGet_0Simulation	7		doGet_0	1609168547962	1609168549464	KO	status.find.in(200,304,201,202,203,204,205,206,207,208,209), but actually found 404
USER	doGet_0Simulation	7	END	1609168547902	1609168549504
REQUEST	doDeleteSimulation	19		doDelete	1609168547968	1609168549570	KO	status.find.in(200,304,201,202,203,204,205,206,207,208,209), but actually found 404
REQUEST	doCreateSimulation	25		doCreate	1609168547969	1609168549570	KO	status.find.in(200,304,201,202,203,204,205,206,207,208,209), but actually found 404
USER	doDeleteSimulation	19	END	1609168547908	1609168549572
USER	doCreateSimulation	25	END	1609168547909	1609168549572
REQUEST	doHead_0Simulation	1		doHead_0	1609168547931	1609168549648	KO	status.find.in(200,304,201,202,203,204,205,206,207,208,209), but actually found 500
USER	doHead_0Simulation	1	END	1609168547893	1609168549651
REQUEST	doDelete_0Simulation	10		doDelete_0	1609168547963	1609168549743	KO	status.find.in(200,304,201,202,203,204,205,206,207,208,209), but actually found 404
USER	doDelete_0Simulation	10	END	1609168547904	1609168549745
REQUEST	doGetSimulation	22		doGet	1609168547968	1609168549845	OK	 
USER	doGetSimulation	24	START	1609168549903	1609168549903
USER	doCreateSimulation	27	START	1609168549903	1609168549903
USER	doDeleteSimulation	21	START	1609168549903	1609168549903
USER	doHeadSimulation	30	START	1609168549903	1609168549903
USER	doGet_2Simulation	18	START	1609168549903	1609168549903
USER	doGet_1Simulation	6	START	1609168549903	1609168549903
USER	doGet_0Simulation	9	START	1609168549912	1609168549912
USER	doHead_0Simulation	3	START	1609168549912	1609168549912
USER	doDelete_0Simulation	12	START	1609168549912	1609168549912
USER	doCreate_0Simulation	15	START	1609168549912	1609168549912
REQUEST	doGet_1Simulation	4		doGet_1	1609168547961	1609168549943	OK	 
REQUEST	doCreate_0Simulation	13		doCreate_0	1609168547964	1609168550047	KO	status.find.in(200,304,201,202,203,204,205,206,207,208,209), but actually found 404
USER	doCreate_0Simulation	13	END	1609168547906	1609168550048
REQUEST	doGet_2Simulation	16		doGet_2	1609168547965	1609168550250	KO	status.find.in(200,304,201,202,203,204,205,206,207,208,209), but actually found 404
USER	doGet_2Simulation	16	END	1609168547907	1609168550252
REQUEST	doHeadSimulation	28		doHead	1609168547971	1609168550552	KO	status.find.in(200,304,201,202,203,204,205,206,207,208,209), but actually found 500
USER	doHeadSimulation	28	END	1609168547910	1609168550555
USER	doGetSimulation	38	START	1609168550904	1609168550904
USER	doCreateSimulation	39	START	1609168550904	1609168550904
USER	doDeleteSimulation	37	START	1609168550904	1609168550904
USER	doHeadSimulation	40	START	1609168550904	1609168550904
USER	doGet_2Simulation	36	START	1609168550913	1609168550913
USER	doGet_0Simulation	33	START	1609168550913	1609168550913
USER	doDelete_0Simulation	34	START	1609168550913	1609168550913
USER	doHead_0Simulation	31	START	1609168550913	1609168550913
USER	doGet_1Simulation	32	START	1609168550913	1609168550913
USER	doCreate_0Simulation	35	START	1609168550913	1609168550913
REQUEST	doCreateSimulation	26		doCreate	1609168548905	1609168551481	KO	status.find.in(200,304,201,202,203,204,205,206,207,208,209), but actually found 404
USER	doCreateSimulation	26	END	1609168548902	1609168551483
REQUEST	doGet_2Simulation	17		doGet_2	1609168548903	1609168551547	KO	status.find.in(200,304,201,202,203,204,205,206,207,208,209), but actually found 404
USER	doGet_2Simulation	17	END	1609168548902	1609168551549
REQUEST	doDeleteSimulation	20		doDelete	1609168548906	1609168551549	KO	status.find.in(200,304,201,202,203,204,205,206,207,208,209), but actually found 404
USER	doDeleteSimulation	20	END	1609168548902	1609168551551
REQUEST	doCreate_0Simulation	14		doCreate_0	1609168548914	1609168551550	KO	status.find.in(200,304,201,202,203,204,205,206,207,208,209), but actually found 404
USER	doCreate_0Simulation	14	END	1609168548913	1609168551551
REQUEST	doHeadSimulation	29		doHead	1609168548907	1609168551554	KO	status.find.in(200,304,201,202,203,204,205,206,207,208,209), but actually found 500
USER	doHeadSimulation	29	END	1609168548902	1609168551556
REQUEST	doGet_1Simulation	5		doGet_1	1609168548902	1609168551639	OK	 
REQUEST	doHead_0Simulation	2		doHead_0	1609168548917	1609168551644	KO	status.find.in(200,304,201,202,203,204,205,206,207,208,209), but actually found 500
USER	doHead_0Simulation	2	END	1609168548913	1609168551645
USER	doHead_0Simulation	41	START	1609168551913	1609168551913
USER	doGet_1Simulation	42	START	1609168551913	1609168551913
USER	doGet_0Simulation	43	START	1609168551913	1609168551913
USER	doGet_2Simulation	46	START	1609168551913	1609168551913
USER	doCreate_0Simulation	45	START	1609168551913	1609168551913
USER	doHeadSimulation	50	START	1609168551913	1609168551913
USER	doCreateSimulation	49	START	1609168551913	1609168551913
USER	doDelete_0Simulation	44	START	1609168551913	1609168551913
USER	doDeleteSimulation	47	START	1609168551913	1609168551913
USER	doGetSimulation	48	START	1609168551913	1609168551913
REQUEST	doGetSimulation	23		doGet	1609168548904	1609168552138	OK	 
REQUEST	doGetSimulation	22		doGet Redirect 1	1609168549849	1609168552140	OK	 
USER	doGetSimulation	22	END	1609168547909	1609168552149
REQUEST	doDeleteSimulation	21		doDelete	1609168549908	1609168552352	KO	status.find.in(200,304,201,202,203,204,205,206,207,208,209), but actually found 404
USER	doDeleteSimulation	21	END	1609168549903	1609168552354
REQUEST	doGet_0Simulation	8		doGet_0	1609168548913	1609168552448	KO	status.find.in(200,304,201,202,203,204,205,206,207,208,209), but actually found 404
USER	doGet_0Simulation	8	END	1609168548913	1609168552450
REQUEST	doGetSimulation	24		doGet	1609168549906	1609168552648	OK	 
REQUEST	doHeadSimulation	30		doHead	1609168549908	1609168552740	KO	status.find.in(200,304,201,202,203,204,205,206,207,208,209), but actually found 500
USER	doHeadSimulation	30	END	1609168549903	1609168552742
REQUEST	doHead_0Simulation	3		doHead_0	1609168549913	1609168552749	KO	status.find.in(200,304,201,202,203,204,205,206,207,208,209), but actually found 500
USER	doHead_0Simulation	3	END	1609168549912	1609168552750
REQUEST	doDelete_0Simulation	11		doDelete_0	1609168548915	1609168552842	KO	status.find.in(200,304,201,202,203,204,205,206,207,208,209), but actually found 404
USER	doDelete_0Simulation	11	END	1609168548913	1609168552844
USER	doCreate_0Simulation	55	START	1609168552913	1609168552913
USER	doHead_0Simulation	51	START	1609168552913	1609168552913
USER	doGet_1Simulation	52	START	1609168552913	1609168552913
USER	doDelete_0Simulation	54	START	1609168552913	1609168552913
USER	doGet_0Simulation	53	START	1609168552913	1609168552913
USER	doDeleteSimulation	57	START	1609168552913	1609168552913
USER	doGet_2Simulation	56	START	1609168552913	1609168552913
USER	doGetSimulation	58	START	1609168552913	1609168552913
USER	doHeadSimulation	60	START	1609168552913	1609168552913
USER	doCreateSimulation	59	START	1609168552913	1609168552913
REQUEST	doDelete_0Simulation	12		doDelete_0	1609168549914	1609168553147	KO	status.find.in(200,304,201,202,203,204,205,206,207,208,209), but actually found 404
USER	doDelete_0Simulation	12	END	1609168549912	1609168553148
REQUEST	doCreateSimulation	27		doCreate	1609168549907	1609168553249	KO	status.find.in(200,304,201,202,203,204,205,206,207,208,209), but actually found 404
USER	doCreateSimulation	27	END	1609168549903	1609168553251
REQUEST	doGet_1Simulation	4		doGet_1 Redirect 1	1609168549944	1609168553537	OK	 
USER	doGet_1Simulation	4	END	1609168547901	1609168553538
REQUEST	doGet_1Simulation	6		doGet_1	1609168549905	1609168553745	OK	 
REQUEST	doGet_2Simulation	18		doGet_2	1609168549904	1609168553839	KO	status.find.in(200,304,201,202,203,204,205,206,207,208,209), but actually found 404
USER	doGet_2Simulation	18	END	1609168549903	1609168553840
USER	doGet_1Simulation	62	START	1609168553912	1609168553912
USER	doGet_0Simulation	63	START	1609168553912	1609168553912
USER	doCreate_0Simulation	65	START	1609168553912	1609168553912
USER	doGet_2Simulation	66	START	1609168553912	1609168553912
USER	doHead_0Simulation	61	START	1609168553912	1609168553912
USER	doDeleteSimulation	67	START	1609168553912	1609168553912
USER	doGetSimulation	68	START	1609168553912	1609168553912
USER	doHeadSimulation	70	START	1609168553912	1609168553912
USER	doDelete_0Simulation	64	START	1609168553912	1609168553912
USER	doCreateSimulation	69	START	1609168553913	1609168553913
REQUEST	doGet_0Simulation	9		doGet_0	1609168549912	1609168554345	KO	status.find.in(200,304,201,202,203,204,205,206,207,208,209), but actually found 404
USER	doGet_0Simulation	9	END	1609168549912	1609168554347
REQUEST	doCreate_0Simulation	15		doCreate_0	1609168549913	1609168554347	KO	status.find.in(200,304,201,202,203,204,205,206,207,208,209), but actually found 404
USER	doCreate_0Simulation	15	END	1609168549912	1609168554348
REQUEST	doGet_0Simulation	33		doGet_0	1609168550914	1609168554444	KO	status.find.in(200,304,201,202,203,204,205,206,207,208,209), but actually found 404
USER	doGet_0Simulation	33	END	1609168550913	1609168554446
REQUEST	doHeadSimulation	40		doHead	1609168550909	1609168554551	KO	status.find.in(200,304,201,202,203,204,205,206,207,208,209), but actually found 500
USER	doHeadSimulation	40	END	1609168550904	1609168554552
REQUEST	doGetSimulation	38		doGet	1609168550905	1609168554645	OK	 
REQUEST	doCreate_0Simulation	35		doCreate_0	1609168550914	1609168554887	KO	status.find.in(200,304,201,202,203,204,205,206,207,208,209), but actually found 404
USER	doCreate_0Simulation	35	END	1609168550913	1609168554888
USER	doHead_0Simulation	71	START	1609168554912	1609168554912
USER	doGet_0Simulation	73	START	1609168554912	1609168554912
USER	doDelete_0Simulation	74	START	1609168554912	1609168554912
USER	doGet_1Simulation	72	START	1609168554912	1609168554912
USER	doCreate_0Simulation	75	START	1609168554912	1609168554912
USER	doCreateSimulation	79	START	1609168554912	1609168554912
USER	doGetSimulation	78	START	1609168554912	1609168554912
USER	doGet_2Simulation	76	START	1609168554912	1609168554912
USER	doHeadSimulation	80	START	1609168554912	1609168554912
USER	doDeleteSimulation	77	START	1609168554912	1609168554912
REQUEST	doDelete_0Simulation	34		doDelete_0	1609168550916	1609168555041	KO	status.find.in(200,304,201,202,203,204,205,206,207,208,209), but actually found 404
USER	doDelete_0Simulation	34	END	1609168550913	1609168555042
REQUEST	doDeleteSimulation	37		doDelete	1609168550908	1609168555141	KO	status.find.in(200,304,201,202,203,204,205,206,207,208,209), but actually found 404
USER	doDeleteSimulation	37	END	1609168550904	1609168555142
REQUEST	doCreateSimulation	39		doCreate	1609168550907	1609168555146	KO	status.find.in(200,304,201,202,203,204,205,206,207,208,209), but actually found 404
USER	doCreateSimulation	39	END	1609168550904	1609168555148
REQUEST	doGet_1Simulation	42		doGet_1	1609168551913	1609168555343	OK	 
REQUEST	doHead_0Simulation	31		doHead_0	1609168550915	1609168555343	KO	status.find.in(200,304,201,202,203,204,205,206,207,208,209), but actually found 500
USER	doHead_0Simulation	31	END	1609168550913	1609168555345
REQUEST	doGet_1Simulation	32		doGet_1	1609168550913	1609168555884	OK	 
REQUEST	doCreateSimulation	49		doCreate	1609168551915	1609168555884	KO	status.find.in(200,304,201,202,203,204,205,206,207,208,209), but actually found 404
USER	doCreateSimulation	49	END	1609168551913	1609168555886
REQUEST	doGet_2Simulation	46		doGet_2	1609168551914	1609168555889	KO	status.find.in(200,304,201,202,203,204,205,206,207,208,209), but actually found 404
USER	doGet_2Simulation	46	END	1609168551913	1609168555890
USER	doHead_0Simulation	81	START	1609168555912	1609168555912
USER	doGet_0Simulation	83	START	1609168555912	1609168555912
USER	doGet_1Simulation	82	START	1609168555912	1609168555912
USER	doDelete_0Simulation	84	START	1609168555912	1609168555912
USER	doDeleteSimulation	87	START	1609168555912	1609168555912
USER	doCreate_0Simulation	85	START	1609168555912	1609168555912
USER	doGet_2Simulation	86	START	1609168555912	1609168555912
USER	doHeadSimulation	90	START	1609168555912	1609168555912
USER	doGetSimulation	88	START	1609168555912	1609168555912
USER	doCreateSimulation	89	START	1609168555912	1609168555912
REQUEST	doGet_0Simulation	43		doGet_0	1609168551914	1609168555940	KO	status.find.in(200,304,201,202,203,204,205,206,207,208,209), but actually found 404
USER	doGet_0Simulation	43	END	1609168551913	1609168555941
REQUEST	doGet_1Simulation	5		doGet_1 Redirect 1	1609168551640	1609168556086	OK	 
USER	doGet_1Simulation	5	END	1609168548902	1609168556087
REQUEST	doGetSimulation	48		doGet	1609168551915	1609168556095	OK	 
REQUEST	doCreate_0Simulation	45		doCreate_0	1609168551915	1609168556095	KO	status.find.in(200,304,201,202,203,204,205,206,207,208,209), but actually found 404
USER	doCreate_0Simulation	45	END	1609168551913	1609168556096
REQUEST	doGetSimulation	23		doGet Redirect 1	1609168552139	1609168556337	OK	 
USER	doGetSimulation	23	END	1609168548902	1609168556338
REQUEST	doGet_2Simulation	36		doGet_2	1609168550915	1609168556344	KO	status.find.in(200,304,201,202,203,204,205,206,207,208,209), but actually found 404
USER	doGet_2Simulation	36	END	1609168550913	1609168556345
REQUEST	doHeadSimulation	50		doHead	1609168551918	1609168556544	KO	status.find.in(200,304,201,202,203,204,205,206,207,208,209), but actually found 500
USER	doHeadSimulation	50	END	1609168551913	1609168556546
REQUEST	doDelete_0Simulation	44		doDelete_0	1609168551917	1609168556743	KO	status.find.in(200,304,201,202,203,204,205,206,207,208,209), but actually found 404
USER	doDelete_0Simulation	44	END	1609168551913	1609168556744
REQUEST	doDeleteSimulation	47		doDelete	1609168551917	1609168556790	KO	status.find.in(200,304,201,202,203,204,205,206,207,208,209), but actually found 404
USER	doDeleteSimulation	47	END	1609168551913	1609168556792
USER	doDelete_0Simulation	94	START	1609168556911	1609168556911
USER	doGet_0Simulation	93	START	1609168556911	1609168556911
USER	doGet_1Simulation	92	START	1609168556911	1609168556911
USER	doHead_0Simulation	91	START	1609168556911	1609168556911
USER	doCreateSimulation	99	START	1609168556911	1609168556911
USER	doCreate_0Simulation	95	START	1609168556911	1609168556911
USER	doGet_2Simulation	96	START	1609168556911	1609168556911
USER	doGetSimulation	98	START	1609168556911	1609168556911
USER	doHeadSimulation	100	START	1609168556911	1609168556911
USER	doDeleteSimulation	97	START	1609168556911	1609168556911
REQUEST	doHead_0Simulation	51		doHead_0	1609168552916	1609168557345	KO	status.find.in(200,304,201,202,203,204,205,206,207,208,209), but actually found 500
USER	doHead_0Simulation	51	END	1609168552913	1609168557347
REQUEST	doHead_0Simulation	41		doHead_0	1609168551916	1609168557440	KO	status.find.in(200,304,201,202,203,204,205,206,207,208,209), but actually found 500
USER	doHead_0Simulation	41	END	1609168551913	1609168557442
REQUEST	doGet_1Simulation	52		doGet_1	1609168552913	1609168557742	OK	 
REQUEST	doCreateSimulation	59		doCreate	1609168552915	1609168557747	KO	status.find.in(200,304,201,202,203,204,205,206,207,208,209), but actually found 404
USER	doCreateSimulation	59	END	1609168552913	1609168557749
REQUEST	doCreate_0Simulation	55		doCreate_0	1609168552914	1609168557753	KO	status.find.in(200,304,201,202,203,204,205,206,207,208,209), but actually found 404
REQUEST	doHeadSimulation	60		doHead	1609168552917	1609168557753	KO	status.find.in(200,304,201,202,203,204,205,206,207,208,209), but actually found 500
USER	doHeadSimulation	60	END	1609168552913	1609168557754
USER	doCreate_0Simulation	55	END	1609168552913	1609168557754
REQUEST	doDelete_0Simulation	54		doDelete_0	1609168552916	1609168557838	KO	status.find.in(200,304,201,202,203,204,205,206,207,208,209), but actually found 404
USER	doDelete_0Simulation	54	END	1609168552913	1609168557839
USER	doGet_1Simulation	102	START	1609168557913	1609168557913
USER	doHead_0Simulation	101	START	1609168557913	1609168557913
USER	doGet_0Simulation	103	START	1609168557913	1609168557913
USER	doDelete_0Simulation	104	START	1609168557913	1609168557913
USER	doCreate_0Simulation	105	START	1609168557913	1609168557913
USER	doGetSimulation	108	START	1609168557913	1609168557913
USER	doCreateSimulation	109	START	1609168557913	1609168557913
USER	doDeleteSimulation	107	START	1609168557913	1609168557913
USER	doHeadSimulation	110	START	1609168557913	1609168557913
USER	doGet_2Simulation	106	START	1609168557913	1609168557913
REQUEST	doGetSimulation	24		doGet Redirect 1	1609168552648	1609168557934	OK	 
USER	doGetSimulation	24	END	1609168549903	1609168557935
REQUEST	doGet_0Simulation	53		doGet_0	1609168552914	1609168557941	KO	status.find.in(200,304,201,202,203,204,205,206,207,208,209), but actually found 404
USER	doGet_0Simulation	53	END	1609168552913	1609168557943
REQUEST	doDeleteSimulation	57		doDelete	1609168552917	1609168558048	KO	status.find.in(200,304,201,202,203,204,205,206,207,208,209), but actually found 404
USER	doDeleteSimulation	57	END	1609168552913	1609168558049
REQUEST	doGet_2Simulation	56		doGet_2	1609168552914	1609168558344	KO	status.find.in(200,304,201,202,203,204,205,206,207,208,209), but actually found 404
USER	doGet_2Simulation	56	END	1609168552913	1609168558345
USER	doGet_1Simulation	112	START	1609168558911	1609168558911
USER	doGet_0Simulation	113	START	1609168558911	1609168558911
USER	doHead_0Simulation	111	START	1609168558911	1609168558911
USER	doDelete_0Simulation	114	START	1609168558911	1609168558911
USER	doGet_2Simulation	116	START	1609168558911	1609168558911
USER	doCreate_0Simulation	115	START	1609168558911	1609168558911
USER	doGetSimulation	118	START	1609168558911	1609168558911
USER	doHeadSimulation	120	START	1609168558911	1609168558911
USER	doDeleteSimulation	117	START	1609168558911	1609168558911
USER	doCreateSimulation	119	START	1609168558911	1609168558911
REQUEST	doGetSimulation	58		doGet	1609168552915	1609168558922	OK	 
REQUEST	doGetSimulation	68		doGet	1609168553916	1609168558922	OK	 
REQUEST	doHeadSimulation	70		doHead	1609168553918	1609168558952	KO	status.find.in(200,304,201,202,203,204,205,206,207,208,209), but actually found 500
USER	doHeadSimulation	70	END	1609168553912	1609168558954
REQUEST	doGet_1Simulation	62		doGet_1	1609168553913	1609168559039	OK	 
REQUEST	doCreateSimulation	69		doCreate	1609168553918	1609168559240	KO	status.find.in(200,304,201,202,203,204,205,206,207,208,209), but actually found 404
USER	doCreateSimulation	69	END	1609168553913	1609168559242
REQUEST	doGet_1Simulation	6		doGet_1 Redirect 1	1609168553745	1609168559337	OK	 
USER	doGet_1Simulation	6	END	1609168549903	1609168559338
REQUEST	doDeleteSimulation	67		doDelete	1609168553917	1609168559542	KO	status.find.in(200,304,201,202,203,204,205,206,207,208,209), but actually found 404
USER	doDeleteSimulation	67	END	1609168553912	1609168559543
REQUEST	doCreate_0Simulation	65		doCreate_0	1609168553915	1609168559542	KO	status.find.in(200,304,201,202,203,204,205,206,207,208,209), but actually found 404
USER	doCreate_0Simulation	65	END	1609168553912	1609168559544
REQUEST	doGet_1Simulation	72		doGet_1	1609168554914	1609168559641	OK	 
REQUEST	doHead_0Simulation	61		doHead_0	1609168553916	1609168559746	KO	status.find.in(200,304,201,202,203,204,205,206,207,208,209), but actually found 500
REQUEST	doGet_0Simulation	63		doGet_0	1609168553914	1609168559747	KO	status.find.in(200,304,201,202,203,204,205,206,207,208,209), but actually found 404
USER	doHead_0Simulation	61	END	1609168553912	1609168559748
REQUEST	doGet_2Simulation	66		doGet_2	1609168553915	1609168559747	KO	status.find.in(200,304,201,202,203,204,205,206,207,208,209), but actually found 404
USER	doGet_0Simulation	63	END	1609168553912	1609168559748
USER	doGet_2Simulation	66	END	1609168553912	1609168559748
REQUEST	doGet_2Simulation	76		doGet_2	1609168554915	1609168559749	KO	status.find.in(200,304,201,202,203,204,205,206,207,208,209), but actually found 404
USER	doGet_2Simulation	76	END	1609168554912	1609168559750
REQUEST	doGetSimulation	38		doGet Redirect 1	1609168554646	1609168559833	OK	 
USER	doGetSimulation	38	END	1609168550904	1609168559834
REQUEST	doGet_0Simulation	73		doGet_0	1609168554913	1609168559843	KO	status.find.in(200,304,201,202,203,204,205,206,207,208,209), but actually found 404
USER	doGet_0Simulation	73	END	1609168554912	1609168559844
USER	doDelete_0Simulation	124	START	1609168559912	1609168559912
USER	doCreate_0Simulation	125	START	1609168559912	1609168559912
USER	doGet_1Simulation	122	START	1609168559912	1609168559912
USER	doHead_0Simulation	121	START	1609168559912	1609168559912
USER	doDeleteSimulation	127	START	1609168559912	1609168559912
USER	doHeadSimulation	130	START	1609168559912	1609168559912
USER	doGetSimulation	128	START	1609168559912	1609168559912
USER	doGet_0Simulation	123	START	1609168559912	1609168559912
USER	doGet_2Simulation	126	START	1609168559912	1609168559912
USER	doCreateSimulation	129	START	1609168559912	1609168559912
REQUEST	doDelete_0Simulation	64		doDelete_0	1609168553917	1609168560063	KO	status.find.in(200,304,201,202,203,204,205,206,207,208,209), but actually found 404
USER	doDelete_0Simulation	64	END	1609168553912	1609168560064
REQUEST	doCreateSimulation	79		doCreate	1609168554915	1609168560143	KO	status.find.in(200,304,201,202,203,204,205,206,207,208,209), but actually found 404
USER	doCreateSimulation	79	END	1609168554912	1609168560144
USER	doGet_1Simulation	132	START	1609168560911	1609168560911
USER	doGet_2Simulation	136	START	1609168560911	1609168560911
USER	doDelete_0Simulation	134	START	1609168560911	1609168560911
USER	doGet_0Simulation	133	START	1609168560911	1609168560911
USER	doHead_0Simulation	131	START	1609168560911	1609168560911
USER	doCreate_0Simulation	135	START	1609168560911	1609168560911
USER	doGetSimulation	138	START	1609168560911	1609168560911
USER	doCreateSimulation	139	START	1609168560911	1609168560911
USER	doDeleteSimulation	137	START	1609168560911	1609168560911
USER	doHeadSimulation	140	START	1609168560911	1609168560911
REQUEST	doCreate_0Simulation	75		doCreate_0	1609168554914	1609168560994	KO	status.find.in(200,304,201,202,203,204,205,206,207,208,209), but actually found 404
REQUEST	doHead_0Simulation	71		doHead_0	1609168554917	1609168560994	KO	status.find.in(200,304,201,202,203,204,205,206,207,208,209), but actually found 500
USER	doHead_0Simulation	71	END	1609168554912	1609168560995
USER	doCreate_0Simulation	75	END	1609168554912	1609168560995
REQUEST	doGetSimulation	78		doGet	1609168554916	1609168561141	OK	 
REQUEST	doCreateSimulation	89		doCreate	1609168555916	1609168561455	KO	status.find.in(200,304,201,202,203,204,205,206,207,208,209), but actually found 404
USER	doCreateSimulation	89	END	1609168555912	1609168561456
REQUEST	doDeleteSimulation	77		doDelete	1609168554918	1609168561540	KO	status.find.in(200,304,201,202,203,204,205,206,207,208,209), but actually found 404
USER	doDeleteSimulation	77	END	1609168554912	1609168561541
REQUEST	doGet_0Simulation	83		doGet_0	1609168555914	1609168561667	KO	status.find.in(200,304,201,202,203,204,205,206,207,208,209), but actually found 404
USER	doGet_0Simulation	83	END	1609168555912	1609168561668
REQUEST	doGet_2Simulation	86		doGet_2	1609168555915	1609168561740	KO	status.find.in(200,304,201,202,203,204,205,206,207,208,209), but actually found 404
USER	doGet_2Simulation	86	END	1609168555912	1609168561742
REQUEST	doGet_1Simulation	32		doGet_1 Redirect 1	1609168555885	1609168561835	OK	 
USER	doGet_1Simulation	32	END	1609168550913	1609168561836
REQUEST	doDelete_0Simulation	74		doDelete_0	1609168554917	1609168561840	KO	status.find.in(200,304,201,202,203,204,205,206,207,208,209), but actually found 404
USER	doDelete_0Simulation	74	END	1609168554912	1609168561841
USER	doGet_1Simulation	142	START	1609168561911	1609168561911
USER	doGet_0Simulation	143	START	1609168561911	1609168561911
USER	doCreate_0Simulation	145	START	1609168561911	1609168561911
USER	doDelete_0Simulation	144	START	1609168561911	1609168561911
USER	doHead_0Simulation	141	START	1609168561911	1609168561911
USER	doGet_2Simulation	146	START	1609168561911	1609168561911
USER	doCreateSimulation	149	START	1609168561911	1609168561911
USER	doDeleteSimulation	147	START	1609168561911	1609168561911
USER	doGetSimulation	148	START	1609168561911	1609168561911
USER	doHeadSimulation	150	START	1609168561911	1609168561911
REQUEST	doHead_0Simulation	81		doHead_0	1609168555916	1609168561943	KO	status.find.in(200,304,201,202,203,204,205,206,207,208,209), but actually found 500
USER	doHead_0Simulation	81	END	1609168555912	1609168561945
REQUEST	doGet_1Simulation	42		doGet_1 Redirect 1	1609168555344	1609168562037	OK	 
USER	doGet_1Simulation	42	END	1609168551913	1609168562038
REQUEST	doHeadSimulation	80		doHead	1609168554918	1609168562040	KO	status.find.in(200,304,201,202,203,204,205,206,207,208,209), but actually found 500
USER	doHeadSimulation	80	END	1609168554912	1609168562041
REQUEST	doCreate_0Simulation	85		doCreate_0	1609168555914	1609168562239	KO	status.find.in(200,304,201,202,203,204,205,206,207,208,209), but actually found 404
USER	doCreate_0Simulation	85	END	1609168555912	1609168562241
REQUEST	doHeadSimulation	90		doHead	1609168555918	1609168562244	KO	status.find.in(200,304,201,202,203,204,205,206,207,208,209), but actually found 500
USER	doHeadSimulation	90	END	1609168555912	1609168562245
REQUEST	doGetSimulation	88		doGet	1609168555915	1609168562846	OK	 
REQUEST	doGet_1Simulation	82		doGet_1	1609168555913	1609168562846	OK	 
REQUEST	doDelete_0Simulation	84		doDelete_0	1609168555917	1609168562846	KO	status.find.in(200,304,201,202,203,204,205,206,207,208,209), but actually found 404
REQUEST	doDeleteSimulation	87		doDelete	1609168555917	1609168562846	KO	status.find.in(200,304,201,202,203,204,205,206,207,208,209), but actually found 404
USER	doDeleteSimulation	87	END	1609168555912	1609168562847
USER	doDelete_0Simulation	84	END	1609168555912	1609168562847
USER	doHead_0Simulation	151	START	1609168562912	1609168562912
USER	doGet_1Simulation	152	START	1609168562912	1609168562912
USER	doDelete_0Simulation	154	START	1609168562912	1609168562912
USER	doCreate_0Simulation	155	START	1609168562912	1609168562912
USER	doGet_0Simulation	153	START	1609168562912	1609168562912
USER	doGet_2Simulation	156	START	1609168562912	1609168562912
USER	doDeleteSimulation	157	START	1609168562912	1609168562912
USER	doHeadSimulation	160	START	1609168562912	1609168562912
USER	doCreateSimulation	159	START	1609168562912	1609168562912
USER	doGetSimulation	158	START	1609168562912	1609168562912
REQUEST	doGetSimulation	48		doGet Redirect 1	1609168556095	1609168563334	OK	 
USER	doGetSimulation	48	END	1609168551913	1609168563335
REQUEST	doCreateSimulation	99		doCreate	1609168556914	1609168563344	KO	status.find.in(200,304,201,202,203,204,205,206,207,208,209), but actually found 404
USER	doCreateSimulation	99	END	1609168556911	1609168563346
REQUEST	doHeadSimulation	100		doHead	1609168556916	1609168563349	KO	status.find.in(200,304,201,202,203,204,205,206,207,208,209), but actually found 500
REQUEST	doCreate_0Simulation	95		doCreate_0	1609168556914	1609168563349	KO	status.find.in(200,304,201,202,203,204,205,206,207,208,209), but actually found 404
USER	doHeadSimulation	100	END	1609168556911	1609168563350
USER	doCreate_0Simulation	95	END	1609168556911	1609168563350
REQUEST	doDeleteSimulation	97		doDelete	1609168556917	1609168563445	KO	status.find.in(200,304,201,202,203,204,205,206,207,208,209), but actually found 404
USER	doDeleteSimulation	97	END	1609168556911	1609168563446
REQUEST	doGet_2Simulation	96		doGet_2	1609168556913	1609168563562	KO	status.find.in(200,304,201,202,203,204,205,206,207,208,209), but actually found 404
USER	doGet_2Simulation	96	END	1609168556911	1609168563564
REQUEST	doGet_0Simulation	93		doGet_0	1609168556912	1609168563642	KO	status.find.in(200,304,201,202,203,204,205,206,207,208,209), but actually found 404
USER	doGet_0Simulation	93	END	1609168556911	1609168563643
REQUEST	doDeleteSimulation	107		doDelete	1609168557918	1609168563845	KO	status.find.in(200,304,201,202,203,204,205,206,207,208,209), but actually found 404
USER	doDeleteSimulation	107	END	1609168557913	1609168563847
USER	doGet_1Simulation	162	START	1609168563912	1609168563912
USER	doGet_0Simulation	163	START	1609168563912	1609168563912
USER	doCreate_0Simulation	165	START	1609168563912	1609168563912
USER	doHead_0Simulation	161	START	1609168563912	1609168563912
USER	doGetSimulation	168	START	1609168563912	1609168563912
USER	doDelete_0Simulation	164	START	1609168563912	1609168563912
USER	doDeleteSimulation	167	START	1609168563912	1609168563912
USER	doGet_2Simulation	166	START	1609168563912	1609168563912
USER	doHeadSimulation	170	START	1609168563912	1609168563912
USER	doCreateSimulation	169	START	1609168563912	1609168563912
REQUEST	doGetSimulation	98		doGet	1609168556915	1609168563940	OK	 
REQUEST	doGet_1Simulation	92		doGet_1	1609168556913	1609168564039	OK	 
REQUEST	doHead_0Simulation	91		doHead_0	1609168556915	1609168564047	KO	status.find.in(200,304,201,202,203,204,205,206,207,208,209), but actually found 500
REQUEST	doHead_0Simulation	101		doHead_0	1609168557917	1609168564047	KO	status.find.in(200,304,201,202,203,204,205,206,207,208,209), but actually found 500
USER	doHead_0Simulation	91	END	1609168556911	1609168564048
USER	doHead_0Simulation	101	END	1609168557913	1609168564048
REQUEST	doHeadSimulation	110		doHead	1609168557919	1609168564245	KO	status.find.in(200,304,201,202,203,204,205,206,207,208,209), but actually found 500
REQUEST	doGet_0Simulation	103		doGet_0	1609168557915	1609168564245	KO	status.find.in(200,304,201,202,203,204,205,206,207,208,209), but actually found 404
USER	doHeadSimulation	110	END	1609168557913	1609168564247
USER	doGet_0Simulation	103	END	1609168557913	1609168564247
REQUEST	doDelete_0Simulation	94		doDelete_0	1609168556916	1609168564544	KO	status.find.in(200,304,201,202,203,204,205,206,207,208,209), but actually found 404
USER	doDelete_0Simulation	94	END	1609168556911	1609168564545
REQUEST	doGetSimulation	108		doGet	1609168557916	1609168564638	OK	 
REQUEST	doCreate_0Simulation	105		doCreate_0	1609168557915	1609168564842	KO	status.find.in(200,304,201,202,203,204,205,206,207,208,209), but actually found 404
USER	doCreate_0Simulation	105	END	1609168557913	1609168564844
USER	doGet_0Simulation	173	START	1609168564912	1609168564912
USER	doHead_0Simulation	171	START	1609168564912	1609168564912
USER	doGet_1Simulation	172	START	1609168564912	1609168564912
USER	doDelete_0Simulation	174	START	1609168564912	1609168564912
USER	doCreate_0Simulation	175	START	1609168564912	1609168564912
USER	doGet_2Simulation	176	START	1609168564912	1609168564912
USER	doDeleteSimulation	177	START	1609168564912	1609168564912
USER	doGetSimulation	178	START	1609168564912	1609168564912
USER	doHeadSimulation	180	START	1609168564912	1609168564912
USER	doCreateSimulation	179	START	1609168564912	1609168564912
REQUEST	doCreateSimulation	109		doCreate	1609168557916	1609168565048	KO	status.find.in(200,304,201,202,203,204,205,206,207,208,209), but actually found 404
USER	doCreateSimulation	109	END	1609168557913	1609168565049
REQUEST	doGet_1Simulation	52		doGet_1 Redirect 1	1609168557743	1609168565139	OK	 
USER	doGet_1Simulation	52	END	1609168552913	1609168565140
REQUEST	doGet_1Simulation	102		doGet_1	1609168557914	1609168565236	OK	 
