ASSERTION	AAMEAAEDBwAAAAAAAEzdQA==
ASSERTION	AAMEAAEDAwAAAAAAAAAAAA==
ASSERTION	AAMEAAEBBwAAAAAAAEzdQA==
ASSERTION	AAMEAAEBAwAAAAAAAAAAAA==
ASSERTION	AAMEAAECBwAAAAAAAEzdQA==
ASSERTION	AAMEAAECAwAAAAAAAAAAAA==
ASSERTION	AAMDAAIHAAAAAAAAABRA
ASSERTION	AAMDAAIDAAAAAAAAAAAA
ASSERTION	AAMDAAMHAAAAAAAAAFlA
ASSERTION	AAMDAAMDAAAAAAAAAAAA
RUN	io.swagger.client.api.IndyDirectoryContentBrowseApiSimulation		indydirectorycontentbrowseapisimulation	1609094513846	 	2.0
USER	browseDirectorySimulation	1	START	1609094514604	1609094514604
USER	browseRootSimulation	4	START	1609094514612	1609094514612
USER	headForDirectorySimulation	7	START	1609094514616	1609094514616
REQUEST	headForDirectorySimulation	7		headForDirectory	1609094514648	1609094515424	KO	status.find.in(200,304,201,202,203,204,205,206,207,208,209), but actually found 404
REQUEST	browseDirectorySimulation	1		browseDirectory	1609094514648	1609094515423	KO	status.find.in(200,304,201,202,203,204,205,206,207,208,209), but actually found 404
REQUEST	browseRootSimulation	4		browseRoot	1609094514648	1609094515423	KO	status.find.in(200,304,201,202,203,204,205,206,207,208,209), but actually found 404
USER	browseRootSimulation	4	END	1609094514612	1609094515464
USER	headForDirectorySimulation	7	END	1609094514616	1609094515464
USER	browseDirectorySimulation	1	END	1609094514604	1609094515464
USER	browseRootSimulation	5	START	1609094515604	1609094515604
USER	headForDirectorySimulation	8	START	1609094515614	1609094515614
USER	browseDirectorySimulation	2	START	1609094515625	1609094515625
REQUEST	browseRootSimulation	5		browseRoot	1609094515605	1609094516216	KO	status.find.in(200,304,201,202,203,204,205,206,207,208,209), but actually found 404
REQUEST	browseDirectorySimulation	2		browseDirectory	1609094515625	1609094516216	KO	status.find.in(200,304,201,202,203,204,205,206,207,208,209), but actually found 404
REQUEST	headForDirectorySimulation	8		headForDirectory	1609094515614	1609094516216	KO	status.find.in(200,304,201,202,203,204,205,206,207,208,209), but actually found 404
USER	headForDirectorySimulation	8	END	1609094515614	1609094516218
USER	browseDirectorySimulation	2	END	1609094515625	1609094516218
USER	browseRootSimulation	5	END	1609094515604	1609094516218
USER	browseRootSimulation	6	START	1609094516604	1609094516604
USER	headForDirectorySimulation	9	START	1609094516614	1609094516614
USER	browseDirectorySimulation	3	START	1609094516624	1609094516624
REQUEST	headForDirectorySimulation	9		headForDirectory	1609094516614	1609094517243	KO	status.find.in(200,304,201,202,203,204,205,206,207,208,209), but actually found 404
REQUEST	browseDirectorySimulation	3		browseDirectory	1609094516624	1609094517243	KO	status.find.in(200,304,201,202,203,204,205,206,207,208,209), but actually found 404
REQUEST	browseRootSimulation	6		browseRoot	1609094516605	1609094517243	KO	status.find.in(200,304,201,202,203,204,205,206,207,208,209), but actually found 404
USER	headForDirectorySimulation	9	END	1609094516614	1609094517245
USER	browseRootSimulation	6	END	1609094516604	1609094517245
USER	browseDirectorySimulation	3	END	1609094516624	1609094517245
USER	headForDirectorySimulation	12	START	1609094517613	1609094517613
USER	browseDirectorySimulation	10	START	1609094517613	1609094517613
USER	browseRootSimulation	11	START	1609094517613	1609094517613
REQUEST	browseRootSimulation	11		browseRoot	1609094517614	1609094518261	KO	status.find.in(200,304,201,202,203,204,205,206,207,208,209), but actually found 404
REQUEST	browseDirectorySimulation	10		browseDirectory	1609094517614	1609094518261	KO	status.find.in(200,304,201,202,203,204,205,206,207,208,209), but actually found 404
USER	browseDirectorySimulation	10	END	1609094517613	1609094518263
USER	browseRootSimulation	11	END	1609094517613	1609094518263
REQUEST	headForDirectorySimulation	12		headForDirectory	1609094517614	1609094518270	KO	status.find.in(200,304,201,202,203,204,205,206,207,208,209), but actually found 404
USER	headForDirectorySimulation	12	END	1609094517613	1609094518272
USER	browseDirectorySimulation	13	START	1609094518614	1609094518614
USER	browseRootSimulation	14	START	1609094518614	1609094518614
USER	headForDirectorySimulation	15	START	1609094518614	1609094518614
REQUEST	browseDirectorySimulation	13		browseDirectory	1609094518615	1609094519291	KO	status.find.in(200,304,201,202,203,204,205,206,207,208,209), but actually found 404
REQUEST	browseRootSimulation	14		browseRoot	1609094518615	1609094519291	KO	status.find.in(200,304,201,202,203,204,205,206,207,208,209), but actually found 404
USER	browseRootSimulation	14	END	1609094518614	1609094519293
USER	browseDirectorySimulation	13	END	1609094518614	1609094519293
REQUEST	headForDirectorySimulation	15		headForDirectory	1609094518615	1609094519319	KO	status.find.in(200,304,201,202,203,204,205,206,207,208,209), but actually found 404
USER	headForDirectorySimulation	15	END	1609094518614	1609094519321
USER	browseRootSimulation	17	START	1609094519614	1609094519614
USER	headForDirectorySimulation	18	START	1609094519614	1609094519614
USER	browseDirectorySimulation	16	START	1609094519614	1609094519614
REQUEST	headForDirectorySimulation	18		headForDirectory	1609094519614	1609094520219	KO	status.find.in(200,304,201,202,203,204,205,206,207,208,209), but actually found 404
REQUEST	browseRootSimulation	17		browseRoot	1609094519614	1609094520219	KO	status.find.in(200,304,201,202,203,204,205,206,207,208,209), but actually found 404
REQUEST	browseDirectorySimulation	16		browseDirectory	1609094519614	1609094520219	KO	status.find.in(200,304,201,202,203,204,205,206,207,208,209), but actually found 404
USER	browseRootSimulation	17	END	1609094519614	1609094520222
USER	headForDirectorySimulation	18	END	1609094519614	1609094520222
USER	browseDirectorySimulation	16	END	1609094519614	1609094520222
USER	browseDirectorySimulation	19	START	1609094520615	1609094520615
USER	headForDirectorySimulation	21	START	1609094520615	1609094520615
USER	browseRootSimulation	20	START	1609094520615	1609094520615
REQUEST	browseDirectorySimulation	19		browseDirectory	1609094520615	1609094521086	KO	status.find.in(200,304,201,202,203,204,205,206,207,208,209), but actually found 404
USER	browseDirectorySimulation	19	END	1609094520615	1609094521088
REQUEST	headForDirectorySimulation	21		headForDirectory	1609094520615	1609094521173	KO	status.find.in(200,304,201,202,203,204,205,206,207,208,209), but actually found 404
USER	headForDirectorySimulation	21	END	1609094520615	1609094521174
REQUEST	browseRootSimulation	20		browseRoot	1609094520615	1609094521215	KO	status.find.in(200,304,201,202,203,204,205,206,207,208,209), but actually found 404
USER	browseRootSimulation	20	END	1609094520615	1609094521216
USER	browseDirectorySimulation	22	START	1609094521615	1609094521615
USER	headForDirectorySimulation	24	START	1609094521616	1609094521616
USER	browseRootSimulation	23	START	1609094521616	1609094521616
REQUEST	headForDirectorySimulation	24		headForDirectory	1609094521616	1609094522187	KO	status.find.in(200,304,201,202,203,204,205,206,207,208,209), but actually found 404
REQUEST	browseDirectorySimulation	22		browseDirectory	1609094521616	1609094522187	KO	status.find.in(200,304,201,202,203,204,205,206,207,208,209), but actually found 404
REQUEST	browseRootSimulation	23		browseRoot	1609094521616	1609094522187	KO	status.find.in(200,304,201,202,203,204,205,206,207,208,209), but actually found 404
USER	headForDirectorySimulation	24	END	1609094521616	1609094522189
USER	browseDirectorySimulation	22	END	1609094521615	1609094522189
USER	browseRootSimulation	23	END	1609094521616	1609094522189
USER	browseDirectorySimulation	25	START	1609094522614	1609094522614
USER	browseRootSimulation	26	START	1609094522614	1609094522614
USER	headForDirectorySimulation	27	START	1609094522614	1609094522614
REQUEST	headForDirectorySimulation	27		headForDirectory	1609094522614	1609094523180	KO	status.find.in(200,304,201,202,203,204,205,206,207,208,209), but actually found 404
USER	headForDirectorySimulation	27	END	1609094522614	1609094523182
REQUEST	browseDirectorySimulation	25		browseDirectory	1609094522614	1609094523265	KO	status.find.in(200,304,201,202,203,204,205,206,207,208,209), but actually found 404
USER	browseDirectorySimulation	25	END	1609094522614	1609094523267
REQUEST	browseRootSimulation	26		browseRoot	1609094522614	1609094523268	KO	status.find.in(200,304,201,202,203,204,205,206,207,208,209), but actually found 404
USER	browseRootSimulation	26	END	1609094522614	1609094523269
USER	browseRootSimulation	29	START	1609094523615	1609094523615
USER	headForDirectorySimulation	30	START	1609094523615	1609094523615
USER	browseDirectorySimulation	28	START	1609094523615	1609094523615
REQUEST	headForDirectorySimulation	30		headForDirectory	1609094523616	1609094524205	KO	status.find.in(200,304,201,202,203,204,205,206,207,208,209), but actually found 404
REQUEST	browseRootSimulation	29		browseRoot	1609094523616	1609094524205	KO	status.find.in(200,304,201,202,203,204,205,206,207,208,209), but actually found 404
REQUEST	browseDirectorySimulation	28		browseDirectory	1609094523616	1609094524205	KO	status.find.in(200,304,201,202,203,204,205,206,207,208,209), but actually found 404
USER	headForDirectorySimulation	30	END	1609094523615	1609094524207
USER	browseRootSimulation	29	END	1609094523615	1609094524207
USER	browseDirectorySimulation	28	END	1609094523615	1609094524207
USER	browseDirectorySimulation	31	START	1609094524613	1609094524613
USER	headForDirectorySimulation	33	START	1609094524613	1609094524613
USER	browseRootSimulation	32	START	1609094524613	1609094524613
REQUEST	headForDirectorySimulation	33		headForDirectory	1609094524614	1609094525266	KO	status.find.in(200,304,201,202,203,204,205,206,207,208,209), but actually found 404
REQUEST	browseRootSimulation	32		browseRoot	1609094524614	1609094525266	KO	status.find.in(200,304,201,202,203,204,205,206,207,208,209), but actually found 404
USER	headForDirectorySimulation	33	END	1609094524613	1609094525267
USER	browseRootSimulation	32	END	1609094524613	1609094525267
REQUEST	browseDirectorySimulation	31		browseDirectory	1609094524614	1609094525285	KO	status.find.in(200,304,201,202,203,204,205,206,207,208,209), but actually found 404
USER	browseDirectorySimulation	31	END	1609094524613	1609094525287
USER	browseDirectorySimulation	34	START	1609094525615	1609094525615
USER	browseRootSimulation	35	START	1609094525615	1609094525615
USER	headForDirectorySimulation	36	START	1609094525615	1609094525615
REQUEST	browseRootSimulation	35		browseRoot	1609094525616	1609094526078	KO	status.find.in(200,304,201,202,203,204,205,206,207,208,209), but actually found 404
USER	browseRootSimulation	35	END	1609094525615	1609094526080
REQUEST	headForDirectorySimulation	36		headForDirectory	1609094525616	1609094526175	KO	status.find.in(200,304,201,202,203,204,205,206,207,208,209), but actually found 404
REQUEST	browseDirectorySimulation	34		browseDirectory	1609094525616	1609094526175	KO	status.find.in(200,304,201,202,203,204,205,206,207,208,209), but actually found 404
USER	headForDirectorySimulation	36	END	1609094525615	1609094526177
USER	browseDirectorySimulation	34	END	1609094525615	1609094526177
USER	browseDirectorySimulation	37	START	1609094526614	1609094526614
USER	browseRootSimulation	38	START	1609094526614	1609094526614
USER	headForDirectorySimulation	39	START	1609094526614	1609094526614
REQUEST	headForDirectorySimulation	39		headForDirectory	1609094526614	1609094527079	KO	status.find.in(200,304,201,202,203,204,205,206,207,208,209), but actually found 404
USER	headForDirectorySimulation	39	END	1609094526614	1609094527081
REQUEST	browseDirectorySimulation	37		browseDirectory	1609094526614	1609094527197	KO	status.find.in(200,304,201,202,203,204,205,206,207,208,209), but actually found 404
REQUEST	browseRootSimulation	38		browseRoot	1609094526614	1609094527197	KO	status.find.in(200,304,201,202,203,204,205,206,207,208,209), but actually found 404
USER	browseDirectorySimulation	37	END	1609094526614	1609094527199
USER	browseRootSimulation	38	END	1609094526614	1609094527199
USER	headForDirectorySimulation	42	START	1609094527613	1609094527613
USER	browseDirectorySimulation	40	START	1609094527613	1609094527613
USER	browseRootSimulation	41	START	1609094527613	1609094527613
REQUEST	headForDirectorySimulation	42		headForDirectory	1609094527614	1609094528211	KO	status.find.in(200,304,201,202,203,204,205,206,207,208,209), but actually found 404
REQUEST	browseRootSimulation	41		browseRoot	1609094527614	1609094528211	KO	status.find.in(200,304,201,202,203,204,205,206,207,208,209), but actually found 404
REQUEST	browseDirectorySimulation	40		browseDirectory	1609094527614	1609094528211	KO	status.find.in(200,304,201,202,203,204,205,206,207,208,209), but actually found 404
USER	headForDirectorySimulation	42	END	1609094527613	1609094528212
USER	browseRootSimulation	41	END	1609094527613	1609094528213
USER	browseDirectorySimulation	40	END	1609094527613	1609094528213
USER	headForDirectorySimulation	45	START	1609094528614	1609094528614
USER	browseDirectorySimulation	43	START	1609094528614	1609094528614
USER	browseRootSimulation	44	START	1609094528614	1609094528614
REQUEST	browseDirectorySimulation	43		browseDirectory	1609094528615	1609094529240	KO	status.find.in(200,304,201,202,203,204,205,206,207,208,209), but actually found 404
REQUEST	browseRootSimulation	44		browseRoot	1609094528614	1609094529240	KO	status.find.in(200,304,201,202,203,204,205,206,207,208,209), but actually found 404
REQUEST	headForDirectorySimulation	45		headForDirectory	1609094528614	1609094529240	KO	status.find.in(200,304,201,202,203,204,205,206,207,208,209), but actually found 404
USER	browseDirectorySimulation	43	END	1609094528614	1609094529242
USER	browseRootSimulation	44	END	1609094528614	1609094529242
USER	headForDirectorySimulation	45	END	1609094528614	1609094529242
USER	browseDirectorySimulation	46	START	1609094529614	1609094529614
USER	browseRootSimulation	47	START	1609094529614	1609094529614
USER	headForDirectorySimulation	48	START	1609094529614	1609094529614
REQUEST	browseDirectorySimulation	46		browseDirectory	1609094529614	1609094530377	KO	status.find.in(200,304,201,202,203,204,205,206,207,208,209), but actually found 404
USER	browseDirectorySimulation	46	END	1609094529614	1609094530379
REQUEST	browseRootSimulation	47		browseRoot	1609094529614	1609094530571	KO	status.find.in(200,304,201,202,203,204,205,206,207,208,209), but actually found 404
USER	browseRootSimulation	47	END	1609094529614	1609094530573
REQUEST	headForDirectorySimulation	48		headForDirectory	1609094529614	1609094530604	KO	status.find.in(200,304,201,202,203,204,205,206,207,208,209), but actually found 404
USER	headForDirectorySimulation	48	END	1609094529614	1609094530606
USER	headForDirectorySimulation	51	START	1609094530614	1609094530614
USER	browseDirectorySimulation	49	START	1609094530614	1609094530614
USER	browseRootSimulation	50	START	1609094530614	1609094530614
REQUEST	headForDirectorySimulation	51		headForDirectory	1609094530615	1609094531079	KO	status.find.in(200,304,201,202,203,204,205,206,207,208,209), but actually found 404
USER	headForDirectorySimulation	51	END	1609094530614	1609094531080
REQUEST	browseRootSimulation	50		browseRoot	1609094530615	1609094531182	KO	status.find.in(200,304,201,202,203,204,205,206,207,208,209), but actually found 404
USER	browseRootSimulation	50	END	1609094530614	1609094531184
REQUEST	browseDirectorySimulation	49		browseDirectory	1609094530615	1609094531184	KO	status.find.in(200,304,201,202,203,204,205,206,207,208,209), but actually found 404
USER	browseDirectorySimulation	49	END	1609094530614	1609094531186
USER	browseRootSimulation	53	START	1609094531614	1609094531614
USER	headForDirectorySimulation	54	START	1609094531614	1609094531614
USER	browseDirectorySimulation	52	START	1609094531614	1609094531614
REQUEST	headForDirectorySimulation	54		headForDirectory	1609094531614	1609094532289	KO	status.find.in(200,304,201,202,203,204,205,206,207,208,209), but actually found 404
REQUEST	browseDirectorySimulation	52		browseDirectory	1609094531614	1609094532289	KO	status.find.in(200,304,201,202,203,204,205,206,207,208,209), but actually found 404
REQUEST	browseRootSimulation	53		browseRoot	1609094531614	1609094532289	KO	status.find.in(200,304,201,202,203,204,205,206,207,208,209), but actually found 404
USER	browseDirectorySimulation	52	END	1609094531614	1609094532290
USER	browseRootSimulation	53	END	1609094531614	1609094532290
USER	headForDirectorySimulation	54	END	1609094531614	1609094532290
