2020.12.26 17:24:21 INFO  Started: Metals version 0.9.8 in workspace '/Users/gorgigeorgievski/_Work/_2020/12_Dec/25.12.2020/swagger-codegen/samples/client/indy/scala-gatling' for client vscode.
2020.12.26 17:24:23 INFO  time: initialize in 1.99s
2020.12.26 17:24:24 WARN  Build server is not auto-connectable.
2020.12.26 17:24:24 WARN  no build target for: /Users/gorgigeorgievski/_Work/_2020/12_Dec/25.12.2020/swagger-codegen/samples/client/indy/scala-gatling/src/gatling/scala/io/swagger/client/api/ContentPromotionApiSimulation.scala
2020.12.26 17:24:28 INFO  no build target: using presentation compiler with only scala-library
2020.12.29 11:29:01 INFO  Started: Metals version 0.9.8 in workspace '/Users/gorgigeorgievski/_Work/SWAGGER/indy-gatling-simulations' for client vscode.
2020.12.29 11:29:02 INFO  time: initialize in 1.32s
2020.12.29 11:29:06 WARN  Build server is not auto-connectable.
2020.12.29 11:29:06 WARN  no build target for: /Users/gorgigeorgievski/_Work/SWAGGER/indy-gatling-simulations/src/gatling/scala/io/swagger/client/api/ContentPromotionApiSimulation.scala
2020.12.29 11:29:09 INFO  no build target: using presentation compiler with only scala-library
Dec 29, 2020 11:29:09 AM org.eclipse.lsp4j.jsonrpc.RemoteEndpoint handleCancellation
WARNING: Unmatched cancel notification for request id 4
Dec 29, 2020 11:29:09 AM org.eclipse.lsp4j.jsonrpc.RemoteEndpoint handleCancellation
WARNING: Unmatched cancel notification for request id 7
Dec 29, 2020 11:29:09 AM org.eclipse.lsp4j.jsonrpc.RemoteEndpoint handleCancellation
WARNING: Unmatched cancel notification for request id 6
Dec 29, 2020 11:29:09 AM org.eclipse.lsp4j.jsonrpc.RemoteEndpoint handleCancellation
WARNING: Unmatched cancel notification for request id 11
Dec 29, 2020 11:29:09 AM org.eclipse.lsp4j.jsonrpc.RemoteEndpoint handleCancellation
WARNING: Unmatched cancel notification for request id 10
Dec 29, 2020 11:29:09 AM org.eclipse.lsp4j.jsonrpc.RemoteEndpoint handleCancellation
WARNING: Unmatched cancel notification for request id 15
Dec 29, 2020 11:29:09 AM org.eclipse.lsp4j.jsonrpc.RemoteEndpoint handleCancellation
WARNING: Unmatched cancel notification for request id 14
Dec 29, 2020 11:29:09 AM org.eclipse.lsp4j.jsonrpc.RemoteEndpoint handleCancellation
WARNING: Unmatched cancel notification for request id 20
Dec 29, 2020 11:29:09 AM org.eclipse.lsp4j.jsonrpc.RemoteEndpoint handleCancellation
WARNING: Unmatched cancel notification for request id 19
Dec 29, 2020 11:29:09 AM org.eclipse.lsp4j.jsonrpc.RemoteEndpoint handleCancellation
WARNING: Unmatched cancel notification for request id 24
Dec 29, 2020 11:29:09 AM org.eclipse.lsp4j.jsonrpc.RemoteEndpoint handleCancellation
WARNING: Unmatched cancel notification for request id 23
Dec 29, 2020 11:29:09 AM org.eclipse.lsp4j.jsonrpc.RemoteEndpoint handleCancellation
WARNING: Unmatched cancel notification for request id 28
Dec 29, 2020 11:29:09 AM org.eclipse.lsp4j.jsonrpc.RemoteEndpoint handleCancellation
WARNING: Unmatched cancel notification for request id 27
Dec 29, 2020 11:29:09 AM org.eclipse.lsp4j.jsonrpc.RemoteEndpoint handleCancellation
WARNING: Unmatched cancel notification for request id 32
2020.12.29 11:29:31 WARN  no build target for: /Users/gorgigeorgievski/_Work/SWAGGER/indy-gatling-simulations/src/gatling/scala/io/swagger/client/api/ContentPromotionApiSimulation.scala
2020.12.29 11:29:31 WARN  code navigation does not work for the file '/Users/gorgigeorgievski/_Work/SWAGGER/indy-gatling-simulations/src/gatling/scala/io/swagger/client/api/ContentPromotionApiSimulation.scala' because it doesn't belong to a build target.
2020.12.29 11:29:33 WARN  no build target for: /Users/gorgigeorgievski/_Work/SWAGGER/indy-gatling-simulations/src/gatling/scala/io/swagger/client/api/DataDirectoryRevisionsApiSimulation.scala
2020.12.29 11:29:43 WARN  no build target for: /Users/gorgigeorgievski/_Work/SWAGGER/indy-gatling-simulations/src/gatling/scala/io/swagger/client/api/DataDirectoryRevisionsApiSimulation.scala
2020.12.29 11:29:43 WARN  code navigation does not work for the file '/Users/gorgigeorgievski/_Work/SWAGGER/indy-gatling-simulations/src/gatling/scala/io/swagger/client/api/DataDirectoryRevisionsApiSimulation.scala' because it doesn't belong to a build target.
2020.12.29 11:29:44 WARN  no build target for: /Users/gorgigeorgievski/_Work/SWAGGER/indy-gatling-simulations/src/gatling/scala/io/swagger/client/api/DEPRECATEDContentAccessAndStorageApiSimulation.scala
2020.12.29 11:29:49 WARN  code navigation does not work for the file '/Users/gorgigeorgievski/_Work/SWAGGER/indy-gatling-simulations/src/gatling/scala/io/swagger/client/api/DEPRECATEDContentAccessAndStorageApiSimulation.scala' because it doesn't belong to a build target.
2020.12.29 11:29:49 WARN  no build target for: /Users/gorgigeorgievski/_Work/SWAGGER/indy-gatling-simulations/src/gatling/scala/io/swagger/client/api/DEPRECATEDContentAccessAndStorageApiSimulation.scala
2020.12.29 11:29:52 WARN  no build target for: /Users/gorgigeorgievski/_Work/SWAGGER/indy-gatling-simulations/src/gatling/scala/io/swagger/client/api/DiagnosticsApiSimulation.scala
2020.12.29 11:29:56 WARN  code navigation does not work for the file '/Users/gorgigeorgievski/_Work/SWAGGER/indy-gatling-simulations/src/gatling/scala/io/swagger/client/api/DiagnosticsApiSimulation.scala' because it doesn't belong to a build target.
2020.12.29 11:29:56 WARN  code navigation does not work for the file '/Users/gorgigeorgievski/_Work/SWAGGER/indy-gatling-simulations/src/gatling/scala/io/swagger/client/api/DiagnosticsApiSimulation.scala' because it doesn't belong to a build target.
2020.12.29 11:29:57 WARN  no build target for: /Users/gorgigeorgievski/_Work/SWAGGER/indy-gatling-simulations/src/gatling/scala/io/swagger/client/api/DiagnosticsApiSimulation.scala
2020.12.29 11:29:57 WARN  code navigation does not work for the file '/Users/gorgigeorgievski/_Work/SWAGGER/indy-gatling-simulations/src/gatling/scala/io/swagger/client/api/DiagnosticsApiSimulation.scala' because it doesn't belong to a build target.
2020.12.29 11:29:57 WARN  code navigation does not work for the file '/Users/gorgigeorgievski/_Work/SWAGGER/indy-gatling-simulations/src/gatling/scala/io/swagger/client/api/DiagnosticsApiSimulation.scala' because it doesn't belong to a build target.
2020.12.29 11:29:59 WARN  no build target for: /Users/gorgigeorgievski/_Work/SWAGGER/indy-gatling-simulations/src/gatling/scala/io/swagger/client/api/FOLOTrackedContentAccessAndStorageApiSimulation.scala
2020.12.29 11:30:03 WARN  no build target for: /Users/gorgigeorgievski/_Work/SWAGGER/indy-gatling-simulations/src/gatling/scala/io/swagger/client/api/FOLOTrackedContentAccessAndStorageApiSimulation.scala
2020.12.29 11:30:03 WARN  code navigation does not work for the file '/Users/gorgigeorgievski/_Work/SWAGGER/indy-gatling-simulations/src/gatling/scala/io/swagger/client/api/FOLOTrackedContentAccessAndStorageApiSimulation.scala' because it doesn't belong to a build target.
2020.12.29 11:30:06 WARN  no build target for: /Users/gorgigeorgievski/_Work/SWAGGER/indy-gatling-simulations/src/gatling/scala/io/swagger/client/api/FOLOTrackedContentAccessAndStorageForNPMRelatedArtifactsTracksRetrievalAndManagementOfFileartifactContent_ApiSimulation.scala
2020.12.29 11:30:10 WARN  code navigation does not work for the file '/Users/gorgigeorgievski/_Work/SWAGGER/indy-gatling-simulations/src/gatling/scala/io/swagger/client/api/FOLOTrackedContentAccessAndStorageForNPMRelatedArtifactsTracksRetrievalAndManagementOfFileartifactContent_ApiSimulation.scala' because it doesn't belong to a build target.
2020.12.29 11:30:12 WARN  no build target for: /Users/gorgigeorgievski/_Work/SWAGGER/indy-gatling-simulations/src/gatling/scala/io/swagger/client/api/FOLOTrackedContentAccessAndStorageForNPMRelatedArtifactsTracksRetrievalAndManagementOfFileartifactContent_ApiSimulation.scala
2020.12.29 11:30:13 WARN  no build target for: /Users/gorgigeorgievski/_Work/SWAGGER/indy-gatling-simulations/src/gatling/scala/io/swagger/client/api/FOLOTrackedContentAccessAndStorageTracksRetrievalAndManagementOfFileartifactContent_ApiSimulation.scala
2020.12.29 11:30:18 WARN  code navigation does not work for the file '/Users/gorgigeorgievski/_Work/SWAGGER/indy-gatling-simulations/src/gatling/scala/io/swagger/client/api/FOLOTrackedContentAccessAndStorageTracksRetrievalAndManagementOfFileartifactContent_ApiSimulation.scala' because it doesn't belong to a build target.
2020.12.29 11:30:18 WARN  no build target for: /Users/gorgigeorgievski/_Work/SWAGGER/indy-gatling-simulations/src/gatling/scala/io/swagger/client/api/FOLOTrackedContentAccessAndStorageTracksRetrievalAndManagementOfFileartifactContent_ApiSimulation.scala
2020.12.29 11:30:21 WARN  no build target for: /Users/gorgigeorgievski/_Work/SWAGGER/indy-gatling-simulations/src/gatling/scala/io/swagger/client/api/FOLOTrackingRecordAccessApiSimulation.scala
2020.12.29 11:30:27 WARN  no build target for: /Users/gorgigeorgievski/_Work/SWAGGER/indy-gatling-simulations/src/gatling/scala/io/swagger/client/api/FOLOTrackingRecordAccessApiSimulation.scala
2020.12.29 11:30:29 WARN  no build target for: /Users/gorgigeorgievski/_Work/SWAGGER/indy-gatling-simulations/src/gatling/scala/io/swagger/client/api/GenericInfrastructureQueriesUISupportApiSimulation.scala
2020.12.29 11:30:34 WARN  no build target for: /Users/gorgigeorgievski/_Work/SWAGGER/indy-gatling-simulations/src/gatling/scala/io/swagger/client/api/GenericInfrastructureQueriesUISupportApiSimulation.scala
2020.12.29 11:30:34 WARN  code navigation does not work for the file '/Users/gorgigeorgievski/_Work/SWAGGER/indy-gatling-simulations/src/gatling/scala/io/swagger/client/api/GenericInfrastructureQueriesUISupportApiSimulation.scala' because it doesn't belong to a build target.
2020.12.29 11:30:36 WARN  no build target for: /Users/gorgigeorgievski/_Work/SWAGGER/indy-gatling-simulations/src/gatling/scala/io/swagger/client/api/HostedByArchiveApiSimulation.scala
2020.12.29 11:30:41 WARN  no build target for: /Users/gorgigeorgievski/_Work/SWAGGER/indy-gatling-simulations/src/gatling/scala/io/swagger/client/api/HostedByArchiveApiSimulation.scala
2020.12.29 11:30:43 WARN  no build target for: /Users/gorgigeorgievski/_Work/SWAGGER/indy-gatling-simulations/src/gatling/scala/io/swagger/client/api/IndyDirectoryContentBrowseApiSimulation.scala
2020.12.29 11:30:48 WARN  code navigation does not work for the file '/Users/gorgigeorgievski/_Work/SWAGGER/indy-gatling-simulations/src/gatling/scala/io/swagger/client/api/IndyDirectoryContentBrowseApiSimulation.scala' because it doesn't belong to a build target.
2020.12.29 11:30:48 WARN  no build target for: /Users/gorgigeorgievski/_Work/SWAGGER/indy-gatling-simulations/src/gatling/scala/io/swagger/client/api/IndyDirectoryContentBrowseApiSimulation.scala
2020.12.29 11:30:48 WARN  code navigation does not work for the file '/Users/gorgigeorgievski/_Work/SWAGGER/indy-gatling-simulations/src/gatling/scala/io/swagger/client/api/IndyDirectoryContentBrowseApiSimulation.scala' because it doesn't belong to a build target.
2020.12.29 11:30:48 WARN  code navigation does not work for the file '/Users/gorgigeorgievski/_Work/SWAGGER/indy-gatling-simulations/src/gatling/scala/io/swagger/client/api/IndyDirectoryContentBrowseApiSimulation.scala' because it doesn't belong to a build target.
2020.12.29 11:30:51 WARN  no build target for: /Users/gorgigeorgievski/_Work/SWAGGER/indy-gatling-simulations/src/gatling/scala/io/swagger/client/api/IndyRepositoryChangeLogsSearchingNWarningThisRestEndpointIsOnlyUsedForTestingAndWillNotReturnAllResultsItShouldNotBeUsedForAnyRealOperationsApiSimulation.scala
2020.12.29 11:31:08 WARN  code navigation does not work for the file '/Users/gorgigeorgievski/_Work/SWAGGER/indy-gatling-simulations/src/gatling/scala/io/swagger/client/api/IndyRepositoryChangeLogsSearchingNWarningThisRestEndpointIsOnlyUsedForTestingAndWillNotReturnAllResultsItShouldNotBeUsedForAnyRealOperationsApiSimulation.scala' because it doesn't belong to a build target.
2020.12.29 11:31:11 WARN  code navigation does not work for the file '/Users/gorgigeorgievski/_Work/SWAGGER/indy-gatling-simulations/src/gatling/scala/io/swagger/client/api/IndyRepositoryChangeLogsSearchingNWarningThisRestEndpointIsOnlyUsedForTestingAndWillNotReturnAllResultsItShouldNotBeUsedForAnyRealOperationsApiSimulation.scala' because it doesn't belong to a build target.
2020.12.29 11:31:13 WARN  no build target for: /Users/gorgigeorgievski/_Work/SWAGGER/indy-gatling-simulations/src/gatling/scala/io/swagger/client/api/IndyRepositoryChangeLogsSearchingNWarningThisRestEndpointIsOnlyUsedForTestingAndWillNotReturnAllResultsItShouldNotBeUsedForAnyRealOperationsApiSimulation.scala
2020.12.29 11:31:13 WARN  code navigation does not work for the file '/Users/gorgigeorgievski/_Work/SWAGGER/indy-gatling-simulations/src/gatling/scala/io/swagger/client/api/IndyRepositoryChangeLogsSearchingNWarningThisRestEndpointIsOnlyUsedForTestingAndWillNotReturnAllResultsItShouldNotBeUsedForAnyRealOperationsApiSimulation.scala' because it doesn't belong to a build target.
2020.12.29 11:31:22 WARN  no build target for: /Users/gorgigeorgievski/_Work/SWAGGER/indy-gatling-simulations/src/gatling/scala/io/swagger/client/api/IndyRepositoryChangeLogsSearchingNWarningThisRestEndpointIsOnlyUsedForTestingAndWillNotReturnAllResultsItShouldNotBeUsedForAnyRealOperationsApiSimulation.scala
2020.12.29 11:31:22 WARN  code navigation does not work for the file '/Users/gorgigeorgievski/_Work/SWAGGER/indy-gatling-simulations/src/gatling/scala/io/swagger/client/api/IndyRepositoryChangeLogsSearchingNWarningThisRestEndpointIsOnlyUsedForTestingAndWillNotReturnAllResultsItShouldNotBeUsedForAnyRealOperationsApiSimulation.scala' because it doesn't belong to a build target.
2020.12.29 11:31:49 WARN  code navigation does not work for the file '/Users/gorgigeorgievski/_Work/SWAGGER/indy-gatling-simulations/src/gatling/scala/io/swagger/client/api/IndyDirectoryContentBrowseApiSimulation.scala' because it doesn't belong to a build target.
2020.12.29 11:31:49 WARN  no build target for: /Users/gorgigeorgievski/_Work/SWAGGER/indy-gatling-simulations/src/gatling/scala/io/swagger/client/api/IndyDirectoryContentBrowseApiSimulation.scala
2020.12.29 11:31:52 WARN  code navigation does not work for the file '/Users/gorgigeorgievski/_Work/SWAGGER/indy-gatling-simulations/src/gatling/scala/io/swagger/client/api/HostedByArchiveApiSimulation.scala' because it doesn't belong to a build target.
2020.12.29 11:31:52 WARN  no build target for: /Users/gorgigeorgievski/_Work/SWAGGER/indy-gatling-simulations/src/gatling/scala/io/swagger/client/api/HostedByArchiveApiSimulation.scala
2020.12.29 11:31:52 WARN  code navigation does not work for the file '/Users/gorgigeorgievski/_Work/SWAGGER/indy-gatling-simulations/src/gatling/scala/io/swagger/client/api/HostedByArchiveApiSimulation.scala' because it doesn't belong to a build target.
2020.12.29 11:31:52 WARN  no build target for: /Users/gorgigeorgievski/_Work/SWAGGER/indy-gatling-simulations/src/gatling/scala/io/swagger/client/api/HostedByArchiveApiSimulation.scala
2020.12.29 11:31:52 WARN  code navigation does not work for the file '/Users/gorgigeorgievski/_Work/SWAGGER/indy-gatling-simulations/src/gatling/scala/io/swagger/client/api/HostedByArchiveApiSimulation.scala' because it doesn't belong to a build target.
2020.12.29 11:31:56 WARN  no build target for: /Users/gorgigeorgievski/_Work/SWAGGER/indy-gatling-simulations/src/gatling/scala/io/swagger/client/api/GenericInfrastructureQueriesUISupportApiSimulation.scala
2020.12.29 11:31:56 WARN  code navigation does not work for the file '/Users/gorgigeorgievski/_Work/SWAGGER/indy-gatling-simulations/src/gatling/scala/io/swagger/client/api/GenericInfrastructureQueriesUISupportApiSimulation.scala' because it doesn't belong to a build target.
2020.12.29 11:32:00 WARN  no build target for: /Users/gorgigeorgievski/_Work/SWAGGER/indy-gatling-simulations/src/gatling/scala/io/swagger/client/api/FOLOTrackingRecordAccessApiSimulation.scala
2020.12.29 11:32:00 WARN  no build target for: /Users/gorgigeorgievski/_Work/SWAGGER/indy-gatling-simulations/src/gatling/scala/io/swagger/client/api/FOLOTrackingRecordAccessApiSimulation.scala
2020.12.29 11:32:00 WARN  code navigation does not work for the file '/Users/gorgigeorgievski/_Work/SWAGGER/indy-gatling-simulations/src/gatling/scala/io/swagger/client/api/FOLOTrackingRecordAccessApiSimulation.scala' because it doesn't belong to a build target.
2020.12.29 11:32:05 WARN  no build target for: /Users/gorgigeorgievski/_Work/SWAGGER/indy-gatling-simulations/src/gatling/scala/io/swagger/client/api/FOLOTrackedContentAccessAndStorageTracksRetrievalAndManagementOfFileartifactContent_ApiSimulation.scala
2020.12.29 11:32:05 WARN  code navigation does not work for the file '/Users/gorgigeorgievski/_Work/SWAGGER/indy-gatling-simulations/src/gatling/scala/io/swagger/client/api/FOLOTrackedContentAccessAndStorageTracksRetrievalAndManagementOfFileartifactContent_ApiSimulation.scala' because it doesn't belong to a build target.
2020.12.29 11:32:09 WARN  no build target for: /Users/gorgigeorgievski/_Work/SWAGGER/indy-gatling-simulations/src/gatling/scala/io/swagger/client/api/FOLOTrackedContentAccessAndStorageForNPMRelatedArtifactsTracksRetrievalAndManagementOfFileartifactContent_ApiSimulation.scala
2020.12.29 11:32:09 WARN  code navigation does not work for the file '/Users/gorgigeorgievski/_Work/SWAGGER/indy-gatling-simulations/src/gatling/scala/io/swagger/client/api/FOLOTrackedContentAccessAndStorageForNPMRelatedArtifactsTracksRetrievalAndManagementOfFileartifactContent_ApiSimulation.scala' because it doesn't belong to a build target.
2020.12.29 11:32:13 WARN  no build target for: /Users/gorgigeorgievski/_Work/SWAGGER/indy-gatling-simulations/src/gatling/scala/io/swagger/client/api/FOLOTrackedContentAccessAndStorageApiSimulation.scala
2020.12.29 11:32:13 WARN  code navigation does not work for the file '/Users/gorgigeorgievski/_Work/SWAGGER/indy-gatling-simulations/src/gatling/scala/io/swagger/client/api/FOLOTrackedContentAccessAndStorageApiSimulation.scala' because it doesn't belong to a build target.
2020.12.29 11:32:18 WARN  no build target for: /Users/gorgigeorgievski/_Work/SWAGGER/indy-gatling-simulations/src/gatling/scala/io/swagger/client/api/DiagnosticsApiSimulation.scala
2020.12.29 11:32:18 WARN  code navigation does not work for the file '/Users/gorgigeorgievski/_Work/SWAGGER/indy-gatling-simulations/src/gatling/scala/io/swagger/client/api/DiagnosticsApiSimulation.scala' because it doesn't belong to a build target.
2020.12.29 11:32:22 WARN  no build target for: /Users/gorgigeorgievski/_Work/SWAGGER/indy-gatling-simulations/src/gatling/scala/io/swagger/client/api/DEPRECATEDContentAccessAndStorageApiSimulation.scala
2020.12.29 11:32:22 WARN  code navigation does not work for the file '/Users/gorgigeorgievski/_Work/SWAGGER/indy-gatling-simulations/src/gatling/scala/io/swagger/client/api/DEPRECATEDContentAccessAndStorageApiSimulation.scala' because it doesn't belong to a build target.
2020.12.29 11:32:26 WARN  no build target for: /Users/gorgigeorgievski/_Work/SWAGGER/indy-gatling-simulations/src/gatling/scala/io/swagger/client/api/DataDirectoryRevisionsApiSimulation.scala
2020.12.29 11:32:26 WARN  no build target for: /Users/gorgigeorgievski/_Work/SWAGGER/indy-gatling-simulations/src/gatling/scala/io/swagger/client/api/DataDirectoryRevisionsApiSimulation.scala
2020.12.29 11:32:31 WARN  no build target for: /Users/gorgigeorgievski/_Work/SWAGGER/indy-gatling-simulations/src/gatling/scala/io/swagger/client/api/ContentPromotionApiSimulation.scala
2020.12.29 11:32:31 WARN  no build target for: /Users/gorgigeorgievski/_Work/SWAGGER/indy-gatling-simulations/src/gatling/scala/io/swagger/client/api/ContentPromotionApiSimulation.scala
2020.12.29 11:36:12 WARN  code navigation does not work for the file '/Users/gorgigeorgievski/_Work/SWAGGER/indy-gatling-simulations/src/gatling/scala/io/swagger/client/api/ContentPromotionApiSimulation.scala' because it doesn't belong to a build target.
Dec 29, 2020 5:12:38 PM org.eclipse.lsp4j.jsonrpc.RemoteEndpoint handleCancellation
WARNING: Unmatched cancel notification for request id 599
2020.12.29 17:12:59 WARN  code navigation does not work for the file '/Users/gorgigeorgievski/_Work/SWAGGER/indy-gatling-simulations/src/gatling/scala/io/swagger/client/api/ContentPromotionApiSimulation.scala' because it doesn't belong to a build target.
2020.12.29 17:12:59 WARN  code navigation does not work for the file '/Users/gorgigeorgievski/_Work/SWAGGER/indy-gatling-simulations/src/gatling/scala/io/swagger/client/api/ContentPromotionApiSimulation.scala' because it doesn't belong to a build target.
2020.12.29 17:12:59 WARN  code navigation does not work for the file '/Users/gorgigeorgievski/_Work/SWAGGER/indy-gatling-simulations/src/gatling/scala/io/swagger/client/api/ContentPromotionApiSimulation.scala' because it doesn't belong to a build target.
2020.12.29 17:12:59 WARN  code navigation does not work for the file '/Users/gorgigeorgievski/_Work/SWAGGER/indy-gatling-simulations/src/gatling/scala/io/swagger/client/api/ContentPromotionApiSimulation.scala' because it doesn't belong to a build target.
